e:\unrealprojects\gameengine\silnik\x64\debug\vc143.pdb
e:\unrealprojects\gameengine\silnik\x64\debug\vc143.idb
e:\unrealprojects\gameengine\silnik\x64\debug\main.obj
e:\unrealprojects\gameengine\silnik\x64\debug\engine.obj
e:\unrealprojects\gameengine\silnik\x64\debug\drawprimitives.obj
c:\users\gierxk\desktop\silnik\silnik\x64\debug\vc143.pdb
c:\users\gierxk\desktop\silnik\silnik\x64\debug\vc143.idb
c:\users\gierxk\desktop\silnik\silnik\x64\debug\main.obj
c:\users\gierxk\desktop\silnik\silnik\x64\debug\engine.obj
c:\users\gierxk\desktop\silnik\silnik\x64\debug\drawprimitives.obj
e:\unrealprojects\gameengine\silnik\x64\debug\silnik.ilk
e:\unrealprojects\gameengine\x64\debug\silnik.exe
e:\unrealprojects\gameengine\x64\debug\silnik.pdb
c:\users\gierxk\desktop\silnik\silnik\x64\debug\texturemanager.obj
c:\users\gierxk\desktop\silnik\silnik\x64\debug\drawprimitives.nativecodeanalysis.xml
c:\users\gierxk\desktop\silnik\silnik\x64\debug\engine.nativecodeanalysis.xml
c:\users\gierxk\desktop\silnik\silnik\x64\debug\main.nativecodeanalysis.xml
c:\users\gierxk\desktop\silnik\silnik\x64\debug\texturemanager.nativecodeanalysis.xml
c:\users\gierxk\desktop\silnik\silnik\x64\debug\vc.nativecodeanalysis.all.xml
c:\users\gierxk\desktop\silnik\x64\debug\silnik.pdb
c:\users\gierxk\desktop\silnik\silnik\x64\debug\silnik.tlog\cl.command.1.tlog
c:\users\gierxk\desktop\silnik\silnik\x64\debug\silnik.tlog\cl.items.tlog
c:\users\gierxk\desktop\silnik\silnik\x64\debug\silnik.tlog\cl.read.1.tlog
c:\users\gierxk\desktop\silnik\silnik\x64\debug\silnik.tlog\cl.write.1.tlog
c:\users\gierxk\desktop\silnik\silnik\x64\debug\silnik.tlog\link-cvtres.read.1.tlog
c:\users\gierxk\desktop\silnik\silnik\x64\debug\silnik.tlog\link-cvtres.write.1.tlog
c:\users\gierxk\desktop\silnik\silnik\x64\debug\silnik.tlog\link-rc.read.1.tlog
c:\users\gierxk\desktop\silnik\silnik\x64\debug\silnik.tlog\link-rc.write.1.tlog
c:\users\gierxk\desktop\silnik\silnik\x64\debug\silnik.tlog\link.26072-cvtres.read.1.tlog
c:\users\gierxk\desktop\silnik\silnik\x64\debug\silnik.tlog\link.26072-cvtres.write.1.tlog
c:\users\gierxk\desktop\silnik\silnik\x64\debug\silnik.tlog\link.26072-rc.read.1.tlog
c:\users\gierxk\desktop\silnik\silnik\x64\debug\silnik.tlog\link.26072-rc.write.1.tlog
c:\users\gierxk\desktop\silnik\silnik\x64\debug\silnik.tlog\link.26072.read.1.tlog
c:\users\gierxk\desktop\silnik\silnik\x64\debug\silnik.tlog\link.26072.read.2.tlog
c:\users\gierxk\desktop\silnik\silnik\x64\debug\silnik.tlog\link.26072.write.1.tlog
c:\users\gierxk\desktop\silnik\silnik\x64\debug\silnik.tlog\link.command.1.tlog
c:\users\gierxk\desktop\silnik\silnik\x64\debug\silnik.tlog\link.read.1.tlog
c:\users\gierxk\desktop\silnik\silnik\x64\debug\silnik.tlog\link.read.2.tlog
c:\users\gierxk\desktop\silnik\silnik\x64\debug\silnik.tlog\link.write.1.tlog
